<?xml version="1.0" encoding="UTF-8"?>
<!-- Generated by org.testng.reporters.JUnitXMLReporter -->
<testsuite hostname="ZIL304" ignored="0" name="Default test" tests="11" failures="0" timestamp="2022-10-02T22:03:36 IST" time="0.082" errors="0">
  <testcase name="test1" time="0.006" classname="CodingAssignment.TeamRCBAssignment.Test1"/>
  <testcase name="test1" time="0.001" classname="CodingAssignment.TeamRCBAssignment.Test1"/>
  <testcase name="test1" time="0.001" classname="CodingAssignment.TeamRCBAssignment.Test1"/>
  <testcase name="test1" time="0.001" classname="CodingAssignment.TeamRCBAssignment.Test1"/>
  <testcase name="test1" time="0.001" classname="CodingAssignment.TeamRCBAssignment.Test1"/>
  <testcase name="test1" time="0.004" classname="CodingAssignment.TeamRCBAssignment.Test1"/>
  <testcase name="test1" time="0.004" classname="CodingAssignment.TeamRCBAssignment.Test1"/>
  <testcase name="test1" time="0.001" classname="CodingAssignment.TeamRCBAssignment.Test1"/>
  <testcase name="test1" time="0.001" classname="CodingAssignment.TeamRCBAssignment.Test1"/>
  <testcase name="test1" time="0.001" classname="CodingAssignment.TeamRCBAssignment.Test1"/>
  <testcase name="test1" time="0.0" classname="CodingAssignment.TeamRCBAssignment.Test1"/>
</testsuite> <!-- Default test -->
