<?xml version="1.0" encoding="UTF-8"?>
<!-- Generated by org.testng.reporters.JUnitXMLReporter -->
<testsuite hostname="ZIL304" ignored="0" name="Test" tests="22" failures="0" timestamp="2022-10-02T22:02:42 IST" time="0.167" errors="0">
  <testcase name="test1" time="0.004" classname="CodingAssignment.TeamRCBAssignment.Test1"/>
  <testcase name="test1" time="0.001" classname="CodingAssignment.TeamRCBAssignment.Test1"/>
  <testcase name="test1" time="0.001" classname="CodingAssignment.TeamRCBAssignment.Test1"/>
  <testcase name="test1" time="0.0" classname="CodingAssignment.TeamRCBAssignment.Test1"/>
  <testcase name="test1" time="0.001" classname="CodingAssignment.TeamRCBAssignment.Test1"/>
  <testcase name="test1" time="0.001" classname="CodingAssignment.TeamRCBAssignment.Test1"/>
  <testcase name="test1" time="0.0" classname="CodingAssignment.TeamRCBAssignment.Test1"/>
  <testcase name="test1" time="0.001" classname="CodingAssignment.TeamRCBAssignment.Test1"/>
  <testcase name="test1" time="0.001" classname="CodingAssignment.TeamRCBAssignment.Test1"/>
  <testcase name="test1" time="0.001" classname="CodingAssignment.TeamRCBAssignment.Test1"/>
  <testcase name="test1" time="0.001" classname="CodingAssignment.TeamRCBAssignment.Test1"/>
  <testcase name="test2" time="0.001" classname="CodingAssignment.TeamRCBAssignment.Test2"/>
  <testcase name="test2" time="0.001" classname="CodingAssignment.TeamRCBAssignment.Test2"/>
  <testcase name="test2" time="0.0" classname="CodingAssignment.TeamRCBAssignment.Test2"/>
  <testcase name="test2" time="0.002" classname="CodingAssignment.TeamRCBAssignment.Test2"/>
  <testcase name="test2" time="0.001" classname="CodingAssignment.TeamRCBAssignment.Test2"/>
  <testcase name="test2" time="0.0" classname="CodingAssignment.TeamRCBAssignment.Test2"/>
  <testcase name="test2" time="0.001" classname="CodingAssignment.TeamRCBAssignment.Test2"/>
  <testcase name="test2" time="0.001" classname="CodingAssignment.TeamRCBAssignment.Test2"/>
  <testcase name="test2" time="0.001" classname="CodingAssignment.TeamRCBAssignment.Test2"/>
  <testcase name="test2" time="0.001" classname="CodingAssignment.TeamRCBAssignment.Test2"/>
  <testcase name="test2" time="0.001" classname="CodingAssignment.TeamRCBAssignment.Test2"/>
</testsuite> <!-- Test -->
